#
# A fatal error has been detected by the Java Runtime Environment:
#
#  EXCEPTION_ACCESS_VIOLATION (0xc0000005) at pc=0x000000006f131958, pid=4516, tid=2908
#
# JRE version:  (10.0.2+13) (build )
# Java VM: Java HotSpot(TM) 64-Bit Server VM (10.0.2+13, mixed mode, aot, tiered, compressed oops, g1 gc, windows-amd64)
# Problematic frame:
# V  [jvm.dll+0x1c1958]
#
# No core dump will be written. Minidumps are not enabled by default on client versions of Windows
#
# If you would like to submit a bug report, please visit:
#   http://bugreport.java.com/bugreport/crash.jsp
#

---------------  S U M M A R Y ------------

Command Line: -Dfile.encoding=UTF-8 --module-path=C:\Program Files\mysql-connector-java-8.0.12\mysql-connector-java-8.0.12.jar --patch-module=local_search=C:\Users\T3AD20\git\repository\local_search\bin -Djdk.module.main=local_search local_search/local_search.main

Host: Intel(R) Core(TM) i5-4590 CPU @ 3.30GHz, 4 cores, 3G,  Windows 8.1 , 64 bit Build 9600 (6.3.9600.17415)
Time: Fri Aug 03 18:56:05 2018 ¢¥eCN©öI¡¾©ö C¡ÍA¨ª¨öA elapsed time: 0 seconds (0d 0h 0m 0s)

---------------  T H R E A D  ---------------

Current thread (0x000000d00237a000):  JavaThread "Unknown thread" [_thread_in_vm, id=2908, stack(0x000000d002470000,0x000000d002570000)]

Stack: [0x000000d002470000,0x000000d002570000],  sp=0x000000d00256f480,  free space=1021k
Native frames: (J=compiled Java code, j=interpreted, Vv=VM code, C=native code)
V  [jvm.dll+0x1c1958]
V  [jvm.dll+0x1bfe43]
V  [jvm.dll+0x3519cb]
V  [jvm.dll+0x6856a2]
V  [jvm.dll+0x3ba0c3]
V  [jvm.dll+0x3bc261]
C  [javaw.exe+0x3541]
C  [javaw.exe+0xe1cf]
C  [javaw.exe+0xe376]
C  [KERNEL32.DLL+0x13d2]
C  [ntdll.dll+0x154f4]


siginfo: EXCEPTION_ACCESS_VIOLATION (0xc0000005), reading address 0x0000000000000000


Registers:
RAX=0x0000bac9984807a9, RBX=0x0000000000000000, RCX=0x0000000000000000, RDX=0x0000000000000000
RSP=0x000000d00256f480, RBP=0x0000000000000000, RSI=0x000000d00237a000, RDI=0x0000000000000000
R8 =0x00007ff834a938e2, R9 =0x0000000000000007, R10=0x0000000000000006, R11=0x000000d00256eda0
R12=0x0000000000000000, R13=0x000000006f4c2ab0, R14=0x000000d00256f8d8, R15=0x000000d0022990a8
RIP=0x000000006f131958, EFLAGS=0x0000000000010256

Top of Stack: (sp=0x000000d00256f480)
0x000000d00256f480:   000000006f711658 000000006f4e5c2d
0x000000d00256f490:   000000006f7793c0 000000006f711658
0x000000d00256f4a0:   0000000000000040 000000d00256f500
0x000000d00256f4b0:   000000d002379de0 000000006f4e6075
0x000000d00256f4c0:   000000d00237a000 0000000000000000
0x000000d00256f4d0:   0000000000000000 000000006f4e5957
0x000000d00256f4e0:   0000000000000000 000000006f536f79
0x000000d00256f4f0:   000000d002379de0 0000000000000000
0x000000d00256f500:   0000000000000000 0000000000000000
0x000000d00256f510:   0000000000000004 000000006f5375d8
0x000000d00256f520:   000000d002379de0 0000bac9984807a9
0x000000d00256f530:   0000000000000004 0000000000000000
0x000000d00256f540:   000000006f4c2ab0 000000d00237a000
0x000000d00256f550:   000000d00256f590 000000006f12fe43
0x000000d00256f560:   0000000000000000 000000d00256f590
0x000000d00256f570:   0000000000000000 0000000000000000 

Instructions: (pc=0x000000006f131958)
0x000000006f131938:   c0 00 00 00 48 8b 05 6d 1d 7a 00 48 33 c4 48 89
0x000000006f131948:   84 24 a8 00 00 00 48 8b e9 48 83 ca ff 48 ff c2
0x000000006f131958:   80 3c 0a 00 75 f7 33 f6 45 33 ed c6 44 24 30 01
0x000000006f131968:   85 d2 0f 8e 54 02 00 00 8b 0d e6 6d 81 00 65 48 



---------------  P R O C E S S  ---------------

Threads class SMR info:
_java_thread_list=0x000000d002298ba0, length=0, elements={
}

Java Threads: ( => current thread )

Other Threads:

[error occurred during error reporting (printing all threads), id 0xc0000005]

VM state:not at safepoint (not fully initialized)

VM Mutex/Monitor currently owned by a thread: None


[error occurred during error reporting (printing compressed oops mode), id 0xc0000005]

Deoptimization events (0 events):
No events

Classes redefined (0 events):
No events

Internal exceptions (0 events):
No events

Events (0 events):
No events


Dynamic libraries:
0x00007ff751fd0000 - 0x00007ff75200e000 	C:\Program Files\Java\jdk-10.0.2\bin\javaw.exe
0x00007ff8bbdb0000 - 0x00007ff8bbf5d000 	C:\windows\SYSTEM32\ntdll.dll
0x00007ff8bafa0000 - 0x00007ff8bb0de000 	C:\windows\system32\KERNEL32.DLL
0x00007ff8b9140000 - 0x00007ff8b9256000 	C:\windows\system32\KERNELBASE.dll
0x00007ff8bb640000 - 0x00007ff8bb6ea000 	C:\windows\system32\ADVAPI32.dll
0x00007ff8babd0000 - 0x00007ff8bad47000 	C:\windows\system32\USER32.dll
0x00007ff8b59c0000 - 0x00007ff8b5c3a000 	C:\windows\WinSxS\amd64_microsoft.windows.common-controls_6595b64144ccf1df_6.0.9600.17810_none_6240b9c7ecbd0bda\COMCTL32.dll
0x00007ff8b6e50000 - 0x00007ff8b6e5a000 	C:\windows\SYSTEM32\VERSION.dll
0x00007ff8bbaa0000 - 0x00007ff8bbb4a000 	C:\windows\system32\msvcrt.dll
0x00007ff8bb250000 - 0x00007ff8bb2a9000 	C:\windows\SYSTEM32\sechost.dll
0x00007ff8bb320000 - 0x00007ff8bb460000 	C:\windows\system32\RPCRT4.dll
0x00007ff8bb100000 - 0x00007ff8bb24b000 	C:\windows\system32\GDI32.dll
0x00007ff8b9110000 - 0x00007ff8b913e000 	C:\windows\system32\SspiCli.dll
0x00007ff8bab90000 - 0x00007ff8babc6000 	C:\windows\system32\IMM32.DLL
0x00007ff8bb940000 - 0x00007ff8bba91000 	C:\windows\system32\MSCTF.dll
0x00007ff896520000 - 0x00007ff89660f000 	C:\Program Files\Java\jdk-10.0.2\bin\msvcr120.dll
0x00007ff896470000 - 0x00007ff896516000 	C:\Program Files\Java\jdk-10.0.2\bin\msvcp120.dll
0x000000006ef70000 - 0x000000006f9e0000 	C:\Program Files\Java\jdk-10.0.2\bin\server\jvm.dll
0x00007ff8b1200000 - 0x00007ff8b1209000 	C:\windows\SYSTEM32\WSOCK32.dll
0x00007ff8b5220000 - 0x00007ff8b5242000 	C:\windows\SYSTEM32\WINMM.dll
0x00007ff8bad50000 - 0x00007ff8bad57000 	C:\windows\system32\PSAPI.DLL
0x00007ff8bbbb0000 - 0x00007ff8bbc0a000 	C:\windows\system32\WS2_32.dll
0x00007ff8b51e0000 - 0x00007ff8b520a000 	C:\windows\SYSTEM32\WINMMBASE.dll
0x00007ff8bad60000 - 0x00007ff8bad69000 	C:\windows\system32\NSI.dll
0x00007ff8b9010000 - 0x00007ff8b905f000 	C:\windows\SYSTEM32\cfgmgr32.dll
0x00007ff8b7d00000 - 0x00007ff8b7d28000 	C:\windows\SYSTEM32\DEVOBJ.dll
0x00007ff8a41b0000 - 0x00007ff8a41bf000 	C:\Program Files\Java\jdk-10.0.2\bin\verify.dll
0x00007ff8aea40000 - 0x00007ff8aebca000 	C:\windows\SYSTEM32\DBGHELP.DLL
0x00007ff8991a0000 - 0x00007ff8991c7000 	C:\Program Files\Java\jdk-10.0.2\bin\java.dll
0x00007ff8a2b20000 - 0x00007ff8a2b36000 	C:\Program Files\Java\jdk-10.0.2\bin\zip.dll
0x00007ff8a41a0000 - 0x00007ff8a41aa000 	C:\Program Files\Java\jdk-10.0.2\bin\jimage.dll

dbghelp: loaded successfully - version: 4.0.5 - missing functions: none
symbol engine: initialized successfully - sym options: 0x614 - pdb path: .;C:\Program Files\Java\jdk-10.0.2\bin;C:\windows\SYSTEM32;C:\windows\WinSxS\amd64_microsoft.windows.common-controls_6595b64144ccf1df_6.0.9600.17810_none_6240b9c7ecbd0bda;C:\Program Files\Java\jdk-10.0.2\bin\server

VM Arguments:
jvm_args: -Dfile.encoding=UTF-8 --module-path=C:\Program Files\mysql-connector-java-8.0.12\mysql-connector-java-8.0.12.jar --patch-module=local_search=C:\Users\T3AD20\git\repository\local_search\bin -Djdk.module.main=local_search 
java_command: local_search/local_search.main
java_class_path (initial): <not set>
Launcher Type: SUN_STANDARD

Logging:
Log output configuration:
#0: stdout all=warning uptime,level,tags
#1: stderr all=off uptime,level,tags

Environment Variables:
PATH=C:\Program Files (x86)\Common Files\Oracle\Java\javapath;C:\Program Files\Java\jdk-10.0.2\bin;C:\Program Files\Git\cmd
USERNAME=T3AD20
OS=Windows_NT
PROCESSOR_IDENTIFIER=Intel64 Family 6 Model 60 Stepping 3, GenuineIntel



---------------  S Y S T E M  ---------------

OS: Windows 8.1 , 64 bit Build 9600 (6.3.9600.17415)

CPU:total 4 (initial active 4) 

Memory: 4k page, physical 4147176k(1158196k free), swap 4868076k(814308k free)

vm_info: Java HotSpot(TM) 64-Bit Server VM (10.0.2+13) for windows-amd64 JRE (10.0.2+13), built on Jun 28 2018 01:57:56 by "mach5one" with MS VC++ 12.0 (VS2013)

END.
